2015-04-16 23:41:54 [::1][-][-][error][yii\web\HttpException:404] exception 'yii\base\InvalidRouteException' with message 'Unable to resolve the request "".' in /Users/johnchristiansen/Sites/xbp_programming_test_final/backend/vendor/yiisoft/yii2/base/Module.php:461
Stack trace:
#0 /Users/johnchristiansen/Sites/xbp_programming_test_final/backend/vendor/yiisoft/yii2/web/Application.php(83): yii\base\Module->runAction('', Array)
#1 /Users/johnchristiansen/Sites/xbp_programming_test_final/backend/vendor/yiisoft/yii2/base/Application.php(375): yii\web\Application->handleRequest(Object(yii\web\Request))
#2 /Users/johnchristiansen/Sites/xbp_programming_test_final/backend/web/index.php(12): yii\base\Application->run()
#3 {main}

Next exception 'yii\web\NotFoundHttpException' with message 'Page not found.' in /Users/johnchristiansen/Sites/xbp_programming_test_final/backend/vendor/yiisoft/yii2/web/Application.php:95
Stack trace:
#0 /Users/johnchristiansen/Sites/xbp_programming_test_final/backend/vendor/yiisoft/yii2/base/Application.php(375): yii\web\Application->handleRequest(Object(yii\web\Request))
#1 /Users/johnchristiansen/Sites/xbp_programming_test_final/backend/web/index.php(12): yii\base\Application->run()
#2 {main}
2015-04-16 23:41:54 [::1][-][-][info][application] $_COOKIE = [
    '_csrf' => '349f1013315d97092488df241f87b5b6f95622d67b75474eb892654f0a33e8eca:2:{i:0;s:5:\"_csrf\";i:1;s:32:\"lFprTh1KOk4LsH-CNSgY1prf63CivgtA\";}'
]

$_SERVER = [
    'HTTP_HOST' => 'backend'
    'HTTP_CONNECTION' => 'keep-alive'
    'HTTP_ACCEPT' => 'text/html,application/xhtml+xml,application/xml;q=0.9,image/webp,*/*;q=0.8'
    'HTTP_USER_AGENT' => 'Mozilla/5.0 (Macintosh; Intel Mac OS X 10_10_2) AppleWebKit/537.36 (KHTML, like Gecko) Chrome/41.0.2272.118 Safari/537.36'
    'HTTP_DNT' => '1'
    'HTTP_ACCEPT_ENCODING' => 'gzip, deflate, sdch'
    'HTTP_ACCEPT_LANGUAGE' => 'en-US,en;q=0.8'
    'HTTP_COOKIE' => '_csrf=349f1013315d97092488df241f87b5b6f95622d67b75474eb892654f0a33e8eca%3A2%3A%7Bi%3A0%3Bs%3A5%3A%22_csrf%22%3Bi%3A1%3Bs%3A32%3A%22lFprTh1KOk4LsH-CNSgY1prf63CivgtA%22%3B%7D'
    'PATH' => '/usr/bin:/bin:/usr/sbin:/sbin'
    'SERVER_SIGNATURE' => ''
    'SERVER_SOFTWARE' => 'Apache'
    'SERVER_NAME' => 'backend'
    'SERVER_ADDR' => '::1'
    'SERVER_PORT' => '80'
    'REMOTE_ADDR' => '::1'
    'DOCUMENT_ROOT' => '/Users/johnchristiansen/Sites/xbp_programming_test_final/backend/web'
    'SERVER_ADMIN' => 'you@example.com'
    'SCRIPT_FILENAME' => '/Users/johnchristiansen/Sites/xbp_programming_test_final/backend/web/index.php'
    'REMOTE_PORT' => '54616'
    'GATEWAY_INTERFACE' => 'CGI/1.1'
    'SERVER_PROTOCOL' => 'HTTP/1.1'
    'REQUEST_METHOD' => 'GET'
    'QUERY_STRING' => ''
    'REQUEST_URI' => '/'
    'SCRIPT_NAME' => '/index.php'
    'PHP_SELF' => '/index.php'
    'REQUEST_TIME_FLOAT' => 1429249314.26
    'REQUEST_TIME' => 1429249314
    'argv' => []
    'argc' => 0
]
